2024-04-01 13:01:46,765: [11] m.main:INFO: Registered plugins: IntrospectionAPIPlugin, <class 'manticore.ethereum.plugins.SkipRevertBasicBlocks'>, <class 'manticore.ethereum.plugins.FilterFunctions'>
2024-04-01 13:01:46,765: [11] m.main:INFO: Beginning analysis
2024-04-01 13:01:46,767: [11] m.e.manticore:INFO: Starting symbolic create contract
2024-04-01 13:01:47,659: [11] m.e.manticore:INFO: Starting symbolic transaction: 0
2024-04-01 13:01:48,118: [11] m.c.worker:ERROR: Exception in state 0: ManticoreError('Forking on unfeasible constraint set')
Traceback (most recent call last):
  File "/usr/local/lib/python3.7/dist-packages/manticore/core/worker.py", line 137, in run
    current_state.execute()
  File "/usr/local/lib/python3.7/dist-packages/manticore/ethereum/state.py", line 8, in execute
    return self._platform.execute()
  File "/usr/local/lib/python3.7/dist-packages/manticore/platforms/evm.py", line 3106, in execute
    self.current_vm.execute()
  File "/usr/local/lib/python3.7/dist-packages/manticore/platforms/evm.py", line 1322, in execute
    raise Concretize("Symbolic PC", expression=expression, setstate=setstate, policy="ALL")
manticore.core.state.Concretize

During handling of the above exception, another exception occurred:

Traceback (most recent call last):
  File "/usr/local/lib/python3.7/dist-packages/manticore/core/worker.py", line 158, in run
    m._fork(current_state, exc.expression, exc.policy, exc.setstate, exc.values)
  File "/usr/local/lib/python3.7/dist-packages/manticore/core/manticore.py", line 518, in _fork
    raise ManticoreError("Forking on unfeasible constraint set")
manticore.exceptions.ManticoreError: Forking on unfeasible constraint set
 
2024-04-01 13:01:48,124: [11] m.e.manticore:INFO: 0 alive states, 1 terminated states
2024-04-01 13:01:48,225: [11] m.c.manticore:INFO: Results in /mcore_fntzsdir
2024-04-01 13:01:48,225: [11] m.c.manticore:INFO: Total time: 0.5624439716339111
2024-04-01 13:01:48,711: [73] m.main:INFO: Registered plugins: IntrospectionAPIPlugin, <class 'manticore.ethereum.plugins.SkipRevertBasicBlocks'>, <class 'manticore.ethereum.plugins.FilterFunctions'>
2024-04-01 13:01:48,711: [73] m.main:INFO: Beginning analysis
2024-04-01 13:01:48,713: [73] m.e.manticore:INFO: Starting symbolic create contract
2024-04-01 13:01:49,594: [73] m.e.manticore:INFO: Starting symbolic transaction: 0
2024-04-01 13:01:50,045: [73] m.c.worker:ERROR: Exception in state 0: ManticoreError('Forking on unfeasible constraint set')
Traceback (most recent call last):
  File "/usr/local/lib/python3.7/dist-packages/manticore/core/worker.py", line 137, in run
    current_state.execute()
  File "/usr/local/lib/python3.7/dist-packages/manticore/ethereum/state.py", line 8, in execute
    return self._platform.execute()
  File "/usr/local/lib/python3.7/dist-packages/manticore/platforms/evm.py", line 3106, in execute
    self.current_vm.execute()
  File "/usr/local/lib/python3.7/dist-packages/manticore/platforms/evm.py", line 1322, in execute
    raise Concretize("Symbolic PC", expression=expression, setstate=setstate, policy="ALL")
manticore.core.state.Concretize

During handling of the above exception, another exception occurred:

Traceback (most recent call last):
  File "/usr/local/lib/python3.7/dist-packages/manticore/core/worker.py", line 158, in run
    m._fork(current_state, exc.expression, exc.policy, exc.setstate, exc.values)
  File "/usr/local/lib/python3.7/dist-packages/manticore/core/manticore.py", line 518, in _fork
    raise ManticoreError("Forking on unfeasible constraint set")
manticore.exceptions.ManticoreError: Forking on unfeasible constraint set
 
2024-04-01 13:01:50,050: [73] m.e.manticore:INFO: 0 alive states, 1 terminated states
2024-04-01 13:01:50,157: [73] m.c.manticore:INFO: Results in /mcore_jjmir871
2024-04-01 13:01:50,158: [73] m.c.manticore:INFO: Total time: 0.5549819469451904
2024-04-01 13:01:50,688: [135] m.main:INFO: Registered plugins: IntrospectionAPIPlugin, <class 'manticore.ethereum.plugins.SkipRevertBasicBlocks'>, <class 'manticore.ethereum.plugins.FilterFunctions'>
2024-04-01 13:01:50,689: [135] m.main:INFO: Beginning analysis
2024-04-01 13:01:50,691: [135] m.e.manticore:INFO: Starting symbolic create contract
2024-04-01 13:02:11,911: [135] m.e.manticore:INFO: Starting symbolic transaction: 0
2024-04-01 13:41:06,005: [135] m.e.manticore:INFO: Found a concrete globalsha3 b'\x00\x00\x00\x00\x00\x00\x00\x00\x00\x00\x00\x00\x00\x00\x00\x00\x00\x00\x00\x00\x00\x00\x00\x00\x00\x00\x00\x00\x00\x02\x00\x00\x00\x00\x00\x00\x00\x00\x00\x00\x00\x00\x00\x00\x00\x00\x00\x00\x00\x00\x00\x00\x00\x00\x00\x00\x00\x00\x00\x00\x00\x00\x00\x12' -> 83785827408370117751370280981957816597969947249203891215774472367080087597351
